<?xml version="1.0" encoding="UTF-8"?>
<robot generator="Robot 3.1.2 (Python 3.6.9 on linux)" generated="20200408 03:22:11.758" rpa="false">
<suite id="s1" name="Tests" source="/home/msuman/aa/tests">
<suite id="s1-s1" name="System" source="/home/msuman/aa/tests/system">
<suite id="s1-s1-s1" name="Pcc" source="/home/msuman/aa/tests/system/pcc">
<suite id="s1-s1-s1-s1" name="Infrastructure" source="/home/msuman/aa/tests/system/pcc/infrastructure">
<suite id="s1-s1-s1-s1-s1" name="Node-Groups" source="/home/msuman/aa/tests/system/pcc/infrastructure/node-groups">
<suite id="s1-s1-s1-s1-s1-s1" name="Node-Groups-Keyword-Test" source="/home/msuman/aa/tests/system/pcc/infrastructure/node-groups/node-groups-keyword-test.robot">
<test id="s1-s1-s1-s1-s1-s1-t1" name="Node Groups Keyword Test">
<kw name="Login To PCC">
<arguments>
<arg>testdata_key=${testdata_key}</arg>
</arguments>
<msg timestamp="20200408 03:22:11.799" level="FAIL">No keyword with name 'Login To PCC' found.</msg>
<status status="FAIL" starttime="20200408 03:22:11.799" endtime="20200408 03:22:11.799"></status>
</kw>
<doc>*Node Group Keyword* test
Keywords:
PCC.Get Node Group Id
PCC.Delete Node Group
PCC.Add Node Group</doc>
<status status="FAIL" starttime="20200408 03:22:11.797" endtime="20200408 03:22:11.799" critical="yes">No keyword with name 'Login To PCC' found.</status>
</test>
<status status="FAIL" starttime="20200408 03:22:11.795" endtime="20200408 03:22:11.800"></status>
</suite>
<status status="FAIL" starttime="20200408 03:22:11.793" endtime="20200408 03:22:11.801"></status>
</suite>
<status status="FAIL" starttime="20200408 03:22:11.791" endtime="20200408 03:22:11.802"></status>
</suite>
<status status="FAIL" starttime="20200408 03:22:11.789" endtime="20200408 03:22:11.803"></status>
</suite>
<status status="FAIL" starttime="20200408 03:22:11.786" endtime="20200408 03:22:11.803"></status>
</suite>
<status status="FAIL" starttime="20200408 03:22:11.759" endtime="20200408 03:22:11.804"></status>
</suite>
<statistics>
<total>
<stat pass="0" fail="1">Critical Tests</stat>
<stat pass="0" fail="1">All Tests</stat>
</total>
<tag>
</tag>
<suite>
<stat pass="0" fail="1" id="s1" name="Tests">Tests</stat>
<stat pass="0" fail="1" id="s1-s1" name="System">Tests.System</stat>
<stat pass="0" fail="1" id="s1-s1-s1" name="Pcc">Tests.System.Pcc</stat>
<stat pass="0" fail="1" id="s1-s1-s1-s1" name="Infrastructure">Tests.System.Pcc.Infrastructure</stat>
<stat pass="0" fail="1" id="s1-s1-s1-s1-s1" name="Node-Groups">Tests.System.Pcc.Infrastructure.Node-Groups</stat>
<stat pass="0" fail="1" id="s1-s1-s1-s1-s1-s1" name="Node-Groups-Keyword-Test">Tests.System.Pcc.Infrastructure.Node-Groups.Node-Groups-Keyword-Test</stat>
</suite>
</statistics>
<errors>
<msg timestamp="20200408 03:22:11.796" level="ERROR">Error in file '/home/msuman/aa/tests/system/pcc/infrastructure/node-groups/node-groups-keyword-test.robot': Resource file 'pcc_resources.robot' does not exist.</msg>
</errors>
</robot>
