<?xml version="1.0" encoding="UTF-8"?>
<robot generator="Robot 3.1.2 (Python 3.6.9 on linux)" generated="20200408 03:26:15.286" rpa="false">
<suite id="s1" name="Tests" source="/home/msuman/aa/tests">
<suite id="s1-s1" name="System" source="/home/msuman/aa/tests/system">
<suite id="s1-s1-s1" name="Pcc" source="/home/msuman/aa/tests/system/pcc">
<suite id="s1-s1-s1-s1" name="Infrastructure" source="/home/msuman/aa/tests/system/pcc/infrastructure">
<suite id="s1-s1-s1-s1-s1" name="Node-Groups" source="/home/msuman/aa/tests/system/pcc/infrastructure/node-groups">
<suite id="s1-s1-s1-s1-s1-s1" name="Node-Groups-Keyword-Test" source="/home/msuman/aa/tests/system/pcc/infrastructure/node-groups/node-groups-keyword-test.robot">
<test id="s1-s1-s1-s1-s1-s1-t1" name="Node Groups Keyword Test">
<kw name="Login To PCC" library="pcc_resources">
<doc>*Login to PCC* - obtain token</doc>
<arguments>
<arg>testdata_key=${testdata_key}</arg>
</arguments>
<kw name="Log To Console" library="BuiltIn">
<doc>Logs the given message to the console.</doc>
<arguments>
<arg>**** Login To PCC ****</arg>
</arguments>
<status status="PASS" starttime="20200408 03:26:15.439" endtime="20200408 03:26:15.440"></status>
</kw>
<kw name="Load PCC Test Data" library="pcc_resources">
<doc>*Load PCC Test Data*</doc>
<arguments>
<arg>${testdata_key}</arg>
</arguments>
<kw name="Log To Console" library="BuiltIn">
<doc>Logs the given message to the console.</doc>
<arguments>
<arg>**** Load PCC Test Data ****</arg>
</arguments>
<status status="PASS" starttime="20200408 03:26:15.440" endtime="20200408 03:26:15.441"></status>
</kw>
<kw name="TESTDATA.Get" library="aa.common.TestData">
<arguments>
<arg>${testdata_key}.json</arg>
<arg>pcc_server</arg>
</arguments>
<assign>
<var>${pcc_server_dict}</var>
</assign>
<msg timestamp="20200408 03:26:15.441" level="INFO">${pcc_server_dict} = {'pcc_url': 'https://172.17.2.242:9999', 'pcc_host_ip': '172.17.2.242', 'pcc_linux_password': 'cals0ft', 'pcc_username': 'admin', 'pcc_password': 'admin', 'tenant_user_username': 'Abinash.Patnaik@cals...</msg>
<status status="PASS" starttime="20200408 03:26:15.441" endtime="20200408 03:26:15.441"></status>
</kw>
<kw name="Evaluate" library="BuiltIn">
<doc>Evaluates the given expression in Python and returns the results.</doc>
<arguments>
<arg>$pcc_server_dict.get("pcc_url", None)</arg>
</arguments>
<assign>
<var>${PCC_URL}</var>
</assign>
<msg timestamp="20200408 03:26:15.446" level="INFO">${PCC_URL} = https://172.17.2.242:9999</msg>
<status status="PASS" starttime="20200408 03:26:15.441" endtime="20200408 03:26:15.447"></status>
</kw>
<kw name="Set Suite Variable" library="BuiltIn">
<doc>Makes a variable available everywhere within the scope of the current suite.</doc>
<arguments>
<arg>${PCC_URL}</arg>
</arguments>
<msg timestamp="20200408 03:26:15.447" level="INFO">${PCC_URL} = https://172.17.2.242:9999</msg>
<status status="PASS" starttime="20200408 03:26:15.447" endtime="20200408 03:26:15.447"></status>
</kw>
<kw name="Evaluate" library="BuiltIn">
<doc>Evaluates the given expression in Python and returns the results.</doc>
<arguments>
<arg>$pcc_server_dict.get("pcc_host_ip", None)</arg>
</arguments>
<assign>
<var>${PCC_HOST_IP}</var>
</assign>
<msg timestamp="20200408 03:26:15.448" level="INFO">${PCC_HOST_IP} = 172.17.2.242</msg>
<status status="PASS" starttime="20200408 03:26:15.447" endtime="20200408 03:26:15.448"></status>
</kw>
<kw name="Set Suite Variable" library="BuiltIn">
<doc>Makes a variable available everywhere within the scope of the current suite.</doc>
<arguments>
<arg>${PCC_HOST_IP}</arg>
</arguments>
<msg timestamp="20200408 03:26:15.448" level="INFO">${PCC_HOST_IP} = 172.17.2.242</msg>
<status status="PASS" starttime="20200408 03:26:15.448" endtime="20200408 03:26:15.448"></status>
</kw>
<kw name="Evaluate" library="BuiltIn">
<doc>Evaluates the given expression in Python and returns the results.</doc>
<arguments>
<arg>$pcc_server_dict.get("pcc_linux_password", None)</arg>
</arguments>
<assign>
<var>${PCC_LINUX_PASSWORD}</var>
</assign>
<msg timestamp="20200408 03:26:15.449" level="INFO">${PCC_LINUX_PASSWORD} = cals0ft</msg>
<status status="PASS" starttime="20200408 03:26:15.448" endtime="20200408 03:26:15.449"></status>
</kw>
<kw name="Set Suite Variable" library="BuiltIn">
<doc>Makes a variable available everywhere within the scope of the current suite.</doc>
<arguments>
<arg>${PCC_LINUX_PASSWORD}</arg>
</arguments>
<msg timestamp="20200408 03:26:15.449" level="INFO">${PCC_LINUX_PASSWORD} = cals0ft</msg>
<status status="PASS" starttime="20200408 03:26:15.449" endtime="20200408 03:26:15.449"></status>
</kw>
<kw name="Evaluate" library="BuiltIn">
<doc>Evaluates the given expression in Python and returns the results.</doc>
<arguments>
<arg>$pcc_server_dict.get("pcc_linux_user", None)</arg>
</arguments>
<assign>
<var>${PCC_LINUX_USER}</var>
</assign>
<msg timestamp="20200408 03:26:15.450" level="INFO">${PCC_LINUX_USER} = None</msg>
<status status="PASS" starttime="20200408 03:26:15.449" endtime="20200408 03:26:15.450"></status>
</kw>
<kw name="Set Suite Variable" library="BuiltIn">
<doc>Makes a variable available everywhere within the scope of the current suite.</doc>
<arguments>
<arg>${PCC_LINUX_USER}</arg>
</arguments>
<msg timestamp="20200408 03:26:15.451" level="INFO">${PCC_LINUX_USER} = None</msg>
<status status="PASS" starttime="20200408 03:26:15.450" endtime="20200408 03:26:15.451"></status>
</kw>
<kw name="Evaluate" library="BuiltIn">
<doc>Evaluates the given expression in Python and returns the results.</doc>
<arguments>
<arg>$pcc_server_dict.get("pcc_username", None)</arg>
</arguments>
<assign>
<var>${PCC_USERNAME}</var>
</assign>
<msg timestamp="20200408 03:26:15.452" level="INFO">${PCC_USERNAME} = admin</msg>
<status status="PASS" starttime="20200408 03:26:15.451" endtime="20200408 03:26:15.452"></status>
</kw>
<kw name="Set Suite Variable" library="BuiltIn">
<doc>Makes a variable available everywhere within the scope of the current suite.</doc>
<arguments>
<arg>${PCC_USERNAME}</arg>
</arguments>
<msg timestamp="20200408 03:26:15.452" level="INFO">${PCC_USERNAME} = admin</msg>
<status status="PASS" starttime="20200408 03:26:15.452" endtime="20200408 03:26:15.452"></status>
</kw>
<kw name="Evaluate" library="BuiltIn">
<doc>Evaluates the given expression in Python and returns the results.</doc>
<arguments>
<arg>$pcc_server_dict.get("pcc_password", None)</arg>
</arguments>
<assign>
<var>${PCC_PASSWORD}</var>
</assign>
<msg timestamp="20200408 03:26:15.453" level="INFO">${PCC_PASSWORD} = admin</msg>
<status status="PASS" starttime="20200408 03:26:15.452" endtime="20200408 03:26:15.453"></status>
</kw>
<kw name="Set Suite Variable" library="BuiltIn">
<doc>Makes a variable available everywhere within the scope of the current suite.</doc>
<arguments>
<arg>${PCC_PASSWORD}</arg>
</arguments>
<msg timestamp="20200408 03:26:15.454" level="INFO">${PCC_PASSWORD} = admin</msg>
<status status="PASS" starttime="20200408 03:26:15.454" endtime="20200408 03:26:15.454"></status>
</kw>
<kw name="Evaluate" library="BuiltIn">
<doc>Evaluates the given expression in Python and returns the results.</doc>
<arguments>
<arg>$pcc_server_dict.get("tenant_user_username", None)</arg>
</arguments>
<assign>
<var>${TENANT_USER_PCC_USERNAME}</var>
</assign>
<msg timestamp="20200408 03:26:15.455" level="INFO">${TENANT_USER_PCC_USERNAME} = Abinash.Patnaik@calsoftinc.com</msg>
<status status="PASS" starttime="20200408 03:26:15.454" endtime="20200408 03:26:15.455"></status>
</kw>
<kw name="Set Suite Variable" library="BuiltIn">
<doc>Makes a variable available everywhere within the scope of the current suite.</doc>
<arguments>
<arg>${TENANT_USER_PCC_USERNAME}</arg>
</arguments>
<msg timestamp="20200408 03:26:15.455" level="INFO">${TENANT_USER_PCC_USERNAME} = Abinash.Patnaik@calsoftinc.com</msg>
<status status="PASS" starttime="20200408 03:26:15.455" endtime="20200408 03:26:15.455"></status>
</kw>
<kw name="Evaluate" library="BuiltIn">
<doc>Evaluates the given expression in Python and returns the results.</doc>
<arguments>
<arg>$pcc_server_dict.get("tenant_user_password", None)</arg>
</arguments>
<assign>
<var>${TENANT_USER_PCC_PWD}</var>
</assign>
<msg timestamp="20200408 03:26:15.456" level="INFO">${TENANT_USER_PCC_PWD} = calsoft@123</msg>
<status status="PASS" starttime="20200408 03:26:15.455" endtime="20200408 03:26:15.456"></status>
</kw>
<kw name="Set Suite Variable" library="BuiltIn">
<doc>Makes a variable available everywhere within the scope of the current suite.</doc>
<arguments>
<arg>${TENANT_USER_PCC_PWD}</arg>
</arguments>
<msg timestamp="20200408 03:26:15.457" level="INFO">${TENANT_USER_PCC_PWD} = calsoft@123</msg>
<status status="PASS" starttime="20200408 03:26:15.456" endtime="20200408 03:26:15.457"></status>
</kw>
<status status="PASS" starttime="20200408 03:26:15.440" endtime="20200408 03:26:15.457"></status>
</kw>
<kw name="PCC.Login" library="aa.pcc.Login">
<arguments>
<arg>url=${PCC_URL}</arg>
<arg>username=${PCC_USERNAME}</arg>
<arg>password=${PCC_PASSWORD}</arg>
</arguments>
<assign>
<var>${PCC_CONN}</var>
</assign>
<msg timestamp="20200408 03:26:15.902" level="INFO">/usr/local/lib/python3.6/dist-packages/urllib3/connectionpool.py:1004: InsecureRequestWarning: Unverified HTTPS request is being made to host '172.17.2.242'. Adding certificate verification is strongly advised. See: https://urllib3.readthedocs.io/en/latest/advanced-usage.html#ssl-warnings
  InsecureRequestWarning,</msg>
<msg timestamp="20200408 03:26:15.903" level="INFO">${PCC_CONN} = {'session': &lt;requests.sessions.Session object at 0x7f28ac887550&gt;, 'token': 'eyJhbGciOiJIUzUxMiJ9.eyJzdWIiOiJhZG1pbiIsImV4cCI6MTU4NjkyMTE3NSwiaWF0IjoxNTg2MzE2Mzc1fQ.ll4H48mw9c9z7S485OUwbk9U2DNGf_73ONAf...</msg>
<status status="PASS" starttime="20200408 03:26:15.457" endtime="20200408 03:26:15.904"></status>
</kw>
<kw name="Set Suite Variable" library="BuiltIn">
<doc>Makes a variable available everywhere within the scope of the current suite.</doc>
<arguments>
<arg>${PCC_CONN}</arg>
</arguments>
<msg timestamp="20200408 03:26:15.906" level="INFO">${PCC_CONN} = {'session': &lt;requests.sessions.Session object at 0x7f28ac887550&gt;, 'token': 'eyJhbGciOiJIUzUxMiJ9.eyJzdWIiOiJhZG1pbiIsImV4cCI6MTU4NjkyMTE3NSwiaWF0IjoxNTg2MzE2Mzc1fQ.ll4H48mw9c9z7S485OUwbk9U2DNGf_73ONAf...</msg>
<status status="PASS" starttime="20200408 03:26:15.904" endtime="20200408 03:26:15.906"></status>
</kw>
<kw name="Set Variable If" library="BuiltIn">
<doc>Sets variable based on the given condition.</doc>
<arguments>
<arg>"${PCC_CONN}" == "None"</arg>
<arg>ERROR</arg>
<arg>OK</arg>
</arguments>
<assign>
<var>${login_success}</var>
</assign>
<msg timestamp="20200408 03:26:15.907" level="INFO">${login_success} = OK</msg>
<status status="PASS" starttime="20200408 03:26:15.906" endtime="20200408 03:26:15.907"></status>
</kw>
<status status="PASS" starttime="20200408 03:26:15.439" endtime="20200408 03:26:15.907"></status>
</kw>
<kw name="PCC.Get Node Group Id" library="aa.pcc.NodeGroups">
<doc>Get Node Group Id
[Args]
    (str) Name
[Returns]
    (int) Id: Node Group Id if there is one, 
        None: If not found</doc>
<arguments>
<arg>Name=${dummy_node_group}</arg>
</arguments>
<assign>
<var>${Id}</var>
</assign>
<msg timestamp="20200408 03:26:16.135" level="INFO">/usr/local/lib/python3.6/dist-packages/urllib3/connectionpool.py:1004: InsecureRequestWarning: Unverified HTTPS request is being made to host '172.17.2.242'. Adding certificate verification is strongly advised. See: https://urllib3.readthedocs.io/en/latest/advanced-usage.html#ssl-warnings
  InsecureRequestWarning,</msg>
<msg timestamp="20200408 03:26:16.136" level="INFO">${Id} = None</msg>
<status status="PASS" starttime="20200408 03:26:15.908" endtime="20200408 03:26:16.136"></status>
</kw>
<kw name="PCC.Delete Node Group" library="aa.pcc.NodeGroups">
<doc>Delete Node Group for matching Id
[Args]
    (int) Id
[Returns]
    (dict) Delete Node Group Response</doc>
<arguments>
<arg>Id=${Id}</arg>
</arguments>
<assign>
<var>${response}</var>
</assign>
<msg timestamp="20200408 03:26:16.383" level="INFO">/usr/local/lib/python3.6/dist-packages/urllib3/connectionpool.py:1004: InsecureRequestWarning: Unverified HTTPS request is being made to host '172.17.2.242'. Adding certificate verification is strongly advised. See: https://urllib3.readthedocs.io/en/latest/advanced-usage.html#ssl-warnings
  InsecureRequestWarning,</msg>
<msg timestamp="20200408 03:26:16.384" level="INFO">${response} = {'Result': {'path': '/cluster/None', 'location': '', 'status': 461, 'message': 'unable to deserialize input', 'error': 'unexpected end of JSON input'}, 'StatusCode': 461, 'ExecutionTime': '0.000'}</msg>
<status status="PASS" starttime="20200408 03:26:16.137" endtime="20200408 03:26:16.384"></status>
</kw>
<kw name="PCC.Get Tenant Id" library="aa.pcc.Tenants">
<doc>Get Id of tenant with matching Name from PCC
[Args]
    Name
[Returns]
    (int) Id: Id of the matchining tenant, or
        None: if no match found, or
    (dict) Error response: If Exception occured</doc>
<arguments>
<arg>Name=ROOT</arg>
</arguments>
<assign>
<var>${owner}</var>
</assign>
<msg timestamp="20200408 03:26:16.755" level="INFO">/usr/local/lib/python3.6/dist-packages/urllib3/connectionpool.py:1004: InsecureRequestWarning: Unverified HTTPS request is being made to host '172.17.2.242'. Adding certificate verification is strongly advised. See: https://urllib3.readthedocs.io/en/latest/advanced-usage.html#ssl-warnings
  InsecureRequestWarning,</msg>
<msg timestamp="20200408 03:26:16.755" level="INFO">${owner} = 1</msg>
<status status="PASS" starttime="20200408 03:26:16.385" endtime="20200408 03:26:16.755"></status>
</kw>
<kw name="PCC.Add Node Group" library="aa.pcc.NodeGroups">
<doc>Add Node Group to PCC
[Args]
    (str) Name: Name of the group
    (int) owner: Tenant Id for the new group
    (str) Description: Description of the group
[Returns]
    (dict) Response: Add Node Group response (includes any errors)</doc>
<arguments>
<arg>Name=${dummy_node_group}</arg>
<arg>owner=${owner}</arg>
<arg>Description=${dummy_node_group_desc}</arg>
</arguments>
<assign>
<var>${response}</var>
</assign>
<msg timestamp="20200408 03:26:16.981" level="INFO">/usr/local/lib/python3.6/dist-packages/urllib3/connectionpool.py:1004: InsecureRequestWarning: Unverified HTTPS request is being made to host '172.17.2.242'. Adding certificate verification is strongly advised. See: https://urllib3.readthedocs.io/en/latest/advanced-usage.html#ssl-warnings
  InsecureRequestWarning,</msg>
<msg timestamp="20200408 03:26:16.982" level="INFO">${response} = {'Result': {'path': '/cluster/add', 'location': '/cluster/add/165', 'status': 200, 'message': '', 'error': '', 'Data': {'Id': 165, 'CreatedAt': 0, 'ModifiedAt': 0, 'Name': 'Dummy Node Group', 'Descrip...</msg>
<status status="PASS" starttime="20200408 03:26:16.756" endtime="20200408 03:26:16.982"></status>
</kw>
<kw name="Get Response Status Code" library="aa.common.Result">
<arguments>
<arg>${response}</arg>
</arguments>
<assign>
<var>${status}</var>
</assign>
<msg timestamp="20200408 03:26:16.983" level="INFO">${status} = 200</msg>
<status status="PASS" starttime="20200408 03:26:16.983" endtime="20200408 03:26:16.983"></status>
</kw>
<kw name="Should Be Equal As Numbers" library="BuiltIn">
<doc>Fails if objects are unequal after converting them to real numbers.</doc>
<arguments>
<arg>${status}</arg>
<arg>200</arg>
</arguments>
<msg timestamp="20200408 03:26:16.985" level="INFO">Argument types are:
&lt;class 'int'&gt;
&lt;type 'unicode'&gt;</msg>
<status status="PASS" starttime="20200408 03:26:16.984" endtime="20200408 03:26:16.985"></status>
</kw>
<doc>*Node Group Keyword* test
Keywords:
PCC.Get Node Group Id
PCC.Delete Node Group
PCC.Add Node Group</doc>
<status status="PASS" starttime="20200408 03:26:15.438" endtime="20200408 03:26:16.986" critical="yes"></status>
</test>
<status status="PASS" starttime="20200408 03:26:15.327" endtime="20200408 03:26:16.987"></status>
</suite>
<status status="PASS" starttime="20200408 03:26:15.325" endtime="20200408 03:26:16.990"></status>
</suite>
<status status="PASS" starttime="20200408 03:26:15.323" endtime="20200408 03:26:16.992"></status>
</suite>
<status status="PASS" starttime="20200408 03:26:15.321" endtime="20200408 03:26:16.994"></status>
</suite>
<status status="PASS" starttime="20200408 03:26:15.318" endtime="20200408 03:26:16.997"></status>
</suite>
<status status="PASS" starttime="20200408 03:26:15.287" endtime="20200408 03:26:16.999"></status>
</suite>
<statistics>
<total>
<stat pass="1" fail="0">Critical Tests</stat>
<stat pass="1" fail="0">All Tests</stat>
</total>
<tag>
</tag>
<suite>
<stat pass="1" fail="0" id="s1" name="Tests">Tests</stat>
<stat pass="1" fail="0" id="s1-s1" name="System">Tests.System</stat>
<stat pass="1" fail="0" id="s1-s1-s1" name="Pcc">Tests.System.Pcc</stat>
<stat pass="1" fail="0" id="s1-s1-s1-s1" name="Infrastructure">Tests.System.Pcc.Infrastructure</stat>
<stat pass="1" fail="0" id="s1-s1-s1-s1-s1" name="Node-Groups">Tests.System.Pcc.Infrastructure.Node-Groups</stat>
<stat pass="1" fail="0" id="s1-s1-s1-s1-s1-s1" name="Node-Groups-Keyword-Test">Tests.System.Pcc.Infrastructure.Node-Groups.Node-Groups-Keyword-Test</stat>
</suite>
</statistics>
<errors>
</errors>
</robot>
